<?xml version="1.0" encoding="UTF-8"?>
<testng-results skipped="0" failed="0" ignored="0" total="1" passed="1">
  <reporter-output>
  </reporter-output>
  <suite name="Default suite" duration-ms="38351" started-at="2019-11-24T14:01:09 IST" finished-at="2019-11-24T14:01:47 IST">
    <groups>
    </groups>
    <test name="Default test" duration-ms="38351" started-at="2019-11-24T14:01:09 IST" finished-at="2019-11-24T14:01:47 IST">
      <class name="create.inProgress.CreateMails">
        <test-method status="PASS" signature="create()[pri:0, instance:create.inProgress.CreateMails@4f970963]" name="create" duration-ms="38185" started-at="2019-11-24T14:01:09 IST" finished-at="2019-11-24T14:01:47 IST">
          <reporter-output>
          </reporter-output>
        </test-method> <!-- create -->
      </class> <!-- create.inProgress.CreateMails -->
    </test> <!-- Default test -->
  </suite> <!-- Default suite -->
</testng-results>
