<?xml version="1.0" encoding="UTF-8"?>
<testng-results skipped="0" failed="0" ignored="0" total="1" passed="1">
  <reporter-output>
  </reporter-output>
  <suite name="Default suite" duration-ms="27330" started-at="2020-01-26T23:40:43 IST" finished-at="2020-01-26T23:41:10 IST">
    <groups>
    </groups>
    <test name="Default test" duration-ms="27330" started-at="2020-01-26T23:40:43 IST" finished-at="2020-01-26T23:41:10 IST">
      <class name="create.inProgress.CreateMails">
        <test-method status="PASS" signature="create()[pri:0, instance:create.inProgress.CreateMails@61f8bee4]" name="create" duration-ms="27166" started-at="2020-01-26T23:40:43 IST" finished-at="2020-01-26T23:41:10 IST">
          <reporter-output>
          </reporter-output>
        </test-method> <!-- create -->
      </class> <!-- create.inProgress.CreateMails -->
    </test> <!-- Default test -->
  </suite> <!-- Default suite -->
</testng-results>
